This is LuaTeX, Version 1.10.0 (TeX Live 2019/Arch Linux)  (format=lualatex 2020.1.14)  14 JAN 2020 22:07
 restricted system commands enabled.
**"rambod rahmani.tex"
("./rambod rahmani.tex"
LaTeX2e <2019-10-01> patch level 1
Lua module: luaotfload-main 2019-09-13 3.00 luaotfload entry point
Lua module: luaotfload-init 2019-09-13 3.00 luaotfload submodule / initializatio
n
Lua module: lualibs 2019-08-11 2.67 ConTeXt Lua standard libraries.
Lua module: lualibs-extended 2019-08-11 2.67 ConTeXt Lua libraries -- extended c
ollection.
Lua module: luaotfload-log 2019-09-13 3.00 luaotfload submodule / logging
Lua module: luaotfload-parsers 2019-09-13 3.00 luaotfload submodule / filelist
Lua module: luaotfload-configuration 2019-09-13 3.00 luaotfload submodule / conf
ig file reader
luaotfload | conf : Root cache directory is /home/rambodrahmani/.texlive/texmf-v
ar/luatex-cache/generic/names.
luaotfload | init : Loading fontloader “fontloader-2019-08-11.lua” from kpse
-resolved path “/usr/share/texmf-dist/tex/luatex/luaotfload/fontloader-2019-08
-11.lua”.
Lua-only attribute luaotfload@state = 2
Lua-only attribute luaotfload@noligature = 3
Lua-only attribute luaotfload@syllabe = 4
luaotfload | init : Context OpenType loader version “3.109”
Inserting `luaotfload.node_processor' at position 1 in `pre_linebreak_filter'.
Inserting `luaotfload.node_processor' at position 1 in `hpack_filter'.
Lua module: luaotfload-loaders 2019-09-13 3.00 luaotfload submodule / callback h
andling
Inserting `luaotfload.define_font' at position 1 in `define_font'.
Lua module: luaotfload-database 2019-09-13 3.00 luaotfload submodule / database
Lua module: luaotfload-unicode 2019-09-13 3.00 luaotfload submodule / Unicode he
lpers
Lua module: luaotfload-colors 2019-09-13 3.00 luaotfload submodule / color
Lua-only attribute luaotfload_color_attribute = 5
Lua module: luaotfload-resolvers 2019-09-13 3.00 luaotfload submodule / resolver
s
luaotfload | conf : Root cache directory is /home/rambodrahmani/.texlive/texmf-v
ar/luatex-cache/generic/names.
Lua module: luaotfload-features 2019-09-13 3.00 luaotfload submodule / features
Lua module: luaotfload-letterspace 2019-09-13 3.00 luaotfload submodule / color
Lua module: luaotfload-embolden 2019-09-13 3.00 luaotfload submodule / color
Lua module: luaotfload-notdef 2019-09-13 3.00 luaotfload submodule / color
Lua module: luaotfload-auxiliary 2019-09-13 3.00 luaotfload submodule / auxiliar
y functions
Inserting `luaotfload.aux.set_sscale_dimens' at position 1 in `luaotfload.patch_
font'.
Inserting `luaotfload.aux.patch_cambria_domh' at position 2 in `luaotfload.patch
_font'.
Inserting `luaotfload.aux.fixup_fontdata' at position 1 in `luaotfload.patch_fon
t_unsafe'.
Inserting `luaotfload.aux.set_capheight' at position 3 in `luaotfload.patch_font
'.
Inserting `luaotfload.aux.set_xheight' at position 4 in `luaotfload.patch_font'.
Lua module: luaotfload-multiscript 2019-09-13 3.00 luaotfload submodule / multis
cript
Inserting `luaotfload.rewrite_fontname' at position 5 in `luaotfload.patch_font'
.
luaotfload | main : initialization completed in 0.110 seconds
(./friggeri-cv.cls
Document Class: friggeri-cv 2012/04/30 CV class
(/usr/share/texmf-dist/tex/latex/base/article.cls
Document Class: article 2019/08/27 v1.4j Standard LaTeX document class
(/usr/share/texmf-dist/tex/latex/base/size10.clo
File: size10.clo 2019/08/27 v1.4j Standard LaTeX file (size option)
luaotfload | db : Font names database loaded from /home/rambodrahmani/.texlive/t
exmf-var/luatex-cache/generic/names/luaotfload-names.luc)
\c@part=\count80
\c@section=\count81
\c@subsection=\count82
\c@subsubsection=\count83
\c@paragraph=\count84
\c@subparagraph=\count85
\c@figure=\count86
\c@table=\count87
\abovecaptionskip=\skip41
\belowcaptionskip=\skip42
\bibindent=\dimen102
)
(/usr/share/texmf-dist/tex/latex/xcolor/xcolor.sty
Package: xcolor 2016/05/11 v2.12 LaTeX color extensions (UK)

(/usr/share/texmf-dist/tex/latex/graphics-cfg/color.cfg
File: color.cfg 2016/01/02 v1.6 sample color configuration
)
Package xcolor Info: Driver file: luatex.def on input line 225.

(/usr/share/texmf-dist/tex/latex/graphics-def/luatex.def
File: luatex.def 2018/01/08 v1.0l Graphics/color driver for luatex
)
Package xcolor Info: Model `cmy' substituted by `cmy0' on input line 1348.
Package xcolor Info: Model `hsb' substituted by `rgb' on input line 1352.
Package xcolor Info: Model `RGB' extended on input line 1364.
Package xcolor Info: Model `HTML' substituted by `rgb' on input line 1366.
Package xcolor Info: Model `Hsb' substituted by `hsb' on input line 1367.
Package xcolor Info: Model `tHsb' substituted by `hsb' on input line 1368.
Package xcolor Info: Model `HSB' substituted by `hsb' on input line 1369.
Package xcolor Info: Model `Gray' substituted by `gray' on input line 1370.
Package xcolor Info: Model `wave' substituted by `hsb' on input line 1371.
)
(/usr/share/texmf-dist/tex/latex/fontspec/fontspec.sty
(/usr/share/texmf-dist/tex/latex/l3packages/xparse/xparse.sty
(/usr/share/texmf-dist/tex/latex/l3kernel/expl3.sty
Package: expl3 2019-10-28 L3 programming layer (loader) 

(/usr/share/texmf-dist/tex/latex/l3kernel/expl3-code.tex
Package: expl3 2019-10-28 L3 programming layer (code)
\c_max_int=\count88
\l_tmpa_int=\count89
\l_tmpb_int=\count90
\g_tmpa_int=\count91
\g_tmpb_int=\count92
\l__seq_internal_a_int=\count93
\l__seq_internal_b_int=\count94
\g__kernel_prg_map_int=\count95
\c__ior_term_noprompt_ior=\count96
\c_log_iow=\count97
\l_iow_line_count_int=\count98
\l__iow_line_target_int=\count99
\l__iow_one_indent_int=\count100
\l__iow_indent_int=\count101
\c_zero_dim=\dimen103
\c_max_dim=\dimen104
\l_tmpa_dim=\dimen105
\l_tmpb_dim=\dimen106
\g_tmpa_dim=\dimen107
\g_tmpb_dim=\dimen108
\c_zero_skip=\skip43
\c_max_skip=\skip44
\l_tmpa_skip=\skip45
\l_tmpb_skip=\skip46
\g_tmpa_skip=\skip47
\g_tmpb_skip=\skip48
\c_zero_muskip=\muskip10
\c_max_muskip=\muskip11
\l_tmpa_muskip=\muskip12
\l_tmpb_muskip=\muskip13
\g_tmpa_muskip=\muskip14
\g_tmpb_muskip=\muskip15
\l_keys_choice_int=\count102
\l__intarray_loop_int=\count103
\c__intarray_sp_dim=\dimen109
\g__intarray_font_int=\count104
\c__fp_leading_shift_int=\count105
\c__fp_middle_shift_int=\count106
\c__fp_trailing_shift_int=\count107
\c__fp_big_leading_shift_int=\count108
\c__fp_big_middle_shift_int=\count109
\c__fp_big_trailing_shift_int=\count110
\c__fp_Bigg_leading_shift_int=\count111
\c__fp_Bigg_middle_shift_int=\count112
\c__fp_Bigg_trailing_shift_int=\count113
\g__fp_array_int=\count114
\l__fp_array_loop_int=\count115
\l__sort_length_int=\count116
\l__sort_min_int=\count117
\l__sort_top_int=\count118
\l__sort_max_int=\count119
\l__sort_true_max_int=\count120
\l__sort_block_int=\count121
\l__sort_begin_int=\count122
\l__sort_end_int=\count123
\l__sort_A_int=\count124
\l__sort_B_int=\count125
\l__sort_C_int=\count126
\l__str_internal_int=\count127
\l__tl_analysis_normal_int=\count128
\l__tl_analysis_index_int=\count129
\l__tl_analysis_nesting_int=\count130
\l__tl_analysis_type_int=\count131
\l__regex_internal_a_int=\count132
\l__regex_internal_b_int=\count133
\l__regex_internal_c_int=\count134
\l__regex_balance_int=\count135
\l__regex_group_level_int=\count136
\l__regex_mode_int=\count137
\c__regex_cs_in_class_mode_int=\count138
\c__regex_cs_mode_int=\count139
\l__regex_catcodes_int=\count140
\l__regex_default_catcodes_int=\count141
\c__regex_catcode_L_int=\count142
\c__regex_catcode_O_int=\count143
\c__regex_catcode_A_int=\count144
\c__regex_all_catcodes_int=\count145
\l__regex_show_lines_int=\count146
\l__regex_min_state_int=\count147
\l__regex_max_state_int=\count148
\l__regex_left_state_int=\count149
\l__regex_right_state_int=\count150
\l__regex_capturing_group_int=\count151
\l__regex_min_pos_int=\count152
\l__regex_max_pos_int=\count153
\l__regex_curr_pos_int=\count154
\l__regex_start_pos_int=\count155
\l__regex_success_pos_int=\count156
\l__regex_curr_char_int=\count157
\l__regex_curr_catcode_int=\count158
\l__regex_last_char_int=\count159
\l__regex_case_changed_char_int=\count160
\l__regex_curr_state_int=\count161
\l__regex_step_int=\count162
\l__regex_min_active_int=\count163
\l__regex_max_active_int=\count164
\l__regex_replacement_csnames_int=\count165
\l__regex_match_count_int=\count166
\l__regex_min_submatch_int=\count167
\l__regex_submatch_int=\count168
\l__regex_zeroth_submatch_int=\count169
\g__regex_trace_regex_int=\count170
\c_empty_box=\box27
\l_tmpa_box=\box28
\l_tmpb_box=\box29
\g_tmpa_box=\box30
\g_tmpb_box=\box31
\l__box_top_dim=\dimen110
\l__box_bottom_dim=\dimen111
\l__box_left_dim=\dimen112
\l__box_right_dim=\dimen113
\l__box_top_new_dim=\dimen114
\l__box_bottom_new_dim=\dimen115
\l__box_left_new_dim=\dimen116
\l__box_right_new_dim=\dimen117
\l__box_internal_box=\box32
\l__coffin_internal_box=\box33
\l__coffin_internal_dim=\dimen118
\l__coffin_offset_x_dim=\dimen119
\l__coffin_offset_y_dim=\dimen120
\l__coffin_x_dim=\dimen121
\l__coffin_y_dim=\dimen122
\l__coffin_x_prime_dim=\dimen123
\l__coffin_y_prime_dim=\dimen124
\c_empty_coffin=\box34
\l__coffin_aligned_coffin=\box35
\l__coffin_aligned_internal_coffin=\box36
\l_tmpa_coffin=\box37
\l_tmpb_coffin=\box38
\g_tmpa_coffin=\box39
\g_tmpb_coffin=\box40
\l__coffin_bounding_shift_dim=\dimen125
\l__coffin_left_corner_dim=\dimen126
\l__coffin_right_corner_dim=\dimen127
\l__coffin_bottom_corner_dim=\dimen128
\l__coffin_top_corner_dim=\dimen129
\l__coffin_scaled_total_height_dim=\dimen130
\l__coffin_scaled_width_dim=\dimen131
\c__coffin_empty_coffin=\box41
\l__coffin_display_coffin=\box42
\l__coffin_display_coord_coffin=\box43
\l__coffin_display_pole_coffin=\box44
\l__coffin_display_offset_dim=\dimen132
\l__coffin_display_x_dim=\dimen133
\l__coffin_display_y_dim=\dimen134
\g__char_data_ior=\read1

(/usr/share/texmf-dist/tex/latex/l3kernel/l3deprecation.def
File: l3deprecation.def 2019-04-06 v L3 Deprecated functions
))
(/usr/share/texmf-dist/tex/latex/l3backend/l3backend-pdfmode.def
File: l3backend-pdfmode.def 2019-04-06 L3 backend support: PDF mode
\l__kernel_color_stack_int=\count171
\l__pdf_internal_box=\box45
))
Package: xparse 2019-10-11 L3 Experimental document command parser
\l__xparse_current_arg_int=\count172
\g__xparse_grabber_int=\count173
\l__xparse_m_args_int=\count174
\l__xparse_v_nesting_int=\count175
)
Package: fontspec 2019/10/19 v2.7d Font selection for XeLaTeX and LuaLaTeX
Lua module: fontspec 2019/10/19 2.7d Font selection for XeLaTeX and LuaLaTeX
(/usr/share/texmf-dist/tex/latex/fontspec/fontspec-luatex.sty
Package: fontspec-luatex 2019/10/19 v2.7d Font selection for XeLaTeX and LuaLaTe
X
\l__fontspec_script_int=\count176
\l__fontspec_language_int=\count177
\l__fontspec_strnum_int=\count178
\l__fontspec_tmp_int=\count179
\l__fontspec_tmpa_int=\count180
\l__fontspec_tmpb_int=\count181
\l__fontspec_tmpc_int=\count182
\l__fontspec_em_int=\count183
\l__fontspec_emdef_int=\count184
\l__fontspec_strong_int=\count185
\l__fontspec_strongdef_int=\count186
\l__fontspec_tmpa_dim=\dimen135
\l__fontspec_tmpb_dim=\dimen136
\l__fontspec_tmpc_dim=\dimen137

(/usr/share/texmf-dist/tex/latex/base/fontenc.sty
Package: fontenc 2018/08/11 v2.0j Standard LaTeX package

(/usr/share/texmf-dist/tex/latex/base/tuenc.def
File: tuenc.def 2018/08/11 v2.0j Standard LaTeX file
LaTeX Font Info:    Redeclaring font encoding TU on input line 82.
))
(/usr/share/texmf-dist/tex/latex/fontspec/fontspec.cfg)
LaTeX Info: Redefining \itshape on input line 3785.
LaTeX Info: Redefining \slshape on input line 3790.
LaTeX Info: Redefining \scshape on input line 3795.
LaTeX Info: Redefining \upshape on input line 3800.
LaTeX Info: Redefining \em on input line 3830.
LaTeX Info: Redefining \emph on input line 3855.
))
(/usr/share/texmf-dist/tex/latex/unicode-math/unicode-math.sty
Package: unicode-math 2019/09/26 v0.8p Unicode maths in XeLaTeX and LuaLaTeX

(/usr/share/texmf-dist/tex/latex/unicode-math/unicode-math-luatex.sty
Package: unicode-math-luatex 2019/09/26 v0.8p Unicode maths in XeLaTeX and LuaLa
TeX

(/usr/share/texmf-dist/tex/latex/l3packages/l3keys2e/l3keys2e.sty
Package: l3keys2e 2019-10-11 LaTeX2e option processing using LaTeX3 keys
)
(/usr/share/texmf-dist/tex/latex/base/fix-cm.sty
Package: fix-cm 2015/01/14 v1.1t fixes to LaTeX

(/usr/share/texmf-dist/tex/latex/base/ts1enc.def
File: ts1enc.def 2001/06/05 v3.0e (jk/car/fm) Standard LaTeX file
))
(/usr/share/texmf-dist/tex/latex/amsmath/amsmath.sty
Package: amsmath 2019/04/01 v2.17c AMS math features
\@mathmargin=\skip49

For additional information on amsmath, use the `?' option.
(/usr/share/texmf-dist/tex/latex/amsmath/amstext.sty
Package: amstext 2000/06/29 v2.01 AMS text

(/usr/share/texmf-dist/tex/latex/amsmath/amsgen.sty
File: amsgen.sty 1999/11/30 v2.0 generic functions
\@emptytoks=\toks14
\ex@=\dimen138
))
(/usr/share/texmf-dist/tex/latex/amsmath/amsbsy.sty
Package: amsbsy 1999/11/29 v1.2d Bold Symbols
\pmbraise@=\dimen139
)
(/usr/share/texmf-dist/tex/latex/amsmath/amsopn.sty
Package: amsopn 2016/03/08 v2.02 operator names
)
\inf@bad=\count187
LaTeX Info: Redefining \frac on input line 227.
\uproot@=\count188
\leftroot@=\count189
LaTeX Info: Redefining \overline on input line 389.
\classnum@=\count190
\DOTSCASE@=\count191
LaTeX Info: Redefining \ldots on input line 486.
LaTeX Info: Redefining \dots on input line 489.
LaTeX Info: Redefining \cdots on input line 610.
\Mathstrutbox@=\box46
\strutbox@=\box47
\big@size=\dimen140
LaTeX Font Info:    Redeclaring font encoding OML on input line 733.
LaTeX Font Info:    Redeclaring font encoding OMS on input line 734.
\macc@depth=\count192
\c@MaxMatrixCols=\count193
\dotsspace@=\muskip16
\c@parentequation=\count194
\dspbrk@lvl=\count195
\tag@help=\toks15
\row@=\count196
\column@=\count197
\maxfields@=\count198
\andhelp@=\toks16
\eqnshift@=\dimen141
\alignsep@=\dimen142
\tagshift@=\dimen143
\tagwidth@=\dimen144
\totwidth@=\dimen145
\lineht@=\dimen146
\@envbody=\toks17
\multlinegap=\skip50
\multlinetaggap=\skip51
\mathdisplay@stack=\toks18
LaTeX Info: Redefining \[ on input line 2855.
LaTeX Info: Redefining \] on input line 2856.
)
(/usr/share/texmf-dist/tex/lualatex/lualatex-math/lualatex-math.sty
Package: lualatex-math 2019/01/21 v1.8 Patches for mathematics typesetting with 
LuaLaTeX

(/usr/share/texmf-dist/tex/latex/etoolbox/etoolbox.sty
Package: etoolbox 2019/09/21 v2.5h e-TeX tools for LaTeX (JAW)
\etb@tempcnta=\count199
)
(/usr/share/texmf-dist/tex/latex/filehook/filehook.sty
Package: filehook 2019/10/03 v0.6 Hooks for input files
)
Lua module: lualatex-math 2013/08/03 1.3 Patches for mathematics typesetting wit
h LuaLaTeX

Package lualatex-math Info: I'm going to patch macro \subarray.


Package lualatex-math Info: I'm going to patch macro \frac .


Package lualatex-math Info: I'm going to patch macro \genfrac .

)
\g__um_fam_int=\count266
\g__um_fonts_used_int=\count267
\l__um_primecount_int=\count268
\g__um_primekern_muskip=\muskip17

(/usr/share/texmf-dist/tex/latex/unicode-math/unicode-math-table.tex)))
(/usr/share/texmf/tex/latex/fontawesome/fontawesome.sty
Package: fontawesome 2016/05/15 v4.6.3.1 font awesome icons

(/usr/share/texmf-dist/tex/generic/ifxetex/ifxetex.sty
Package: ifxetex 2010/09/12 v0.6 Provides ifxetex conditional
)
(/usr/share/texmf-dist/tex/generic/oberdiek/ifluatex.sty
Package: ifluatex 2016/05/16 v1.4 Provides the ifluatex switch (HO)
Package ifluatex Info: LuaTeX detected.
)
(/usr/share/texmf/tex/latex/fontawesome/fontawesomesymbols-generic.tex)
luaotfload | cache : Lookup cache loaded from /home/rambodrahmani/.texlive/texmf
-var/luatex-cache/generic/names/luaotfload-lookup-cache.luc.
luaotfload | aux : font no 29 (nil) defines no feature for script latn
luaotfload | aux : no font with id 29
luaotfload | aux : font no 29 (nil) defines no feature for script dflt
luaotfload | aux : no font with id 29
(/usr/share/texmf/tex/latex/fontawesome/fontawesomesymbols-xeluatex.tex))
luaotfload | db : Reload initiated (formats: otf,ttf,ttc); reason: "File not fou
nd: HelveticaNeue.".
luaotfload | aux : font no 32 (nil) does not define feature smcp for script latn
 with language dflt
luaotfload | aux : no font with id 32
luaotfload | aux : font no 37 (nil) does not define feature smcp for script latn
 with language dflt
luaotfload | aux : no font with id 37
luaotfload | aux : font no 38 (nil) does not define feature smcp for script latn
 with language dflt
luaotfload | aux : no font with id 38
luaotfload | aux : font no 39 (nil) does not define feature smcp for script latn
 with language dflt
luaotfload | aux : no font with id 39
luaotfload | aux : font no 41 (nil) defines no feature for script latn
luaotfload | aux : no font with id 41
luaotfload | aux : font no 41 (nil) defines no feature for script dflt
luaotfload | aux : no font with id 41
luaotfload | aux : font no 50 (nil) does not define feature smcp for script latn
 with language dflt
luaotfload | aux : no font with id 50
luaotfload | aux : font no 55 (nil) does not define feature smcp for script latn
 with language dflt
luaotfload | aux : no font with id 55
luaotfload | aux : font no 56 (nil) does not define feature smcp for script latn
 with language dflt
luaotfload | aux : no font with id 56
luaotfload | aux : font no 57 (nil) does not define feature smcp for script latn
 with language dflt
luaotfload | aux : no font with id 57
luaotfload | aux : font no 59 (nil) defines no feature for script latn
luaotfload | aux : no font with id 59
luaotfload | aux : font no 59 (nil) defines no feature for script dflt
luaotfload | aux : no font with id 59
LaTeX Info: Redefining \rmfamily on input line 61.
luaotfload | aux : font no 59 (nil) defines no feature for script latn
luaotfload | aux : no font with id 59
luaotfload | aux : font no 59 (nil) defines no feature for script dflt
luaotfload | aux : no font with id 59
LaTeX Font Info:    Overwriting math alphabet `\mathrm' in version `normal'
(Font)                  OT1/cmr/m/n --> TU/[HelveticaNeue-Light.ttf](1)/m/n on i
nput line 61.
LaTeX Font Info:    Overwriting math alphabet `\mathit' in version `normal'
(Font)                  OT1/cmr/m/it --> TU/[HelveticaNeue-Light.ttf](1)/m/it on
 input line 61.
LaTeX Font Info:    Overwriting math alphabet `\mathbf' in version `normal'
(Font)                  OT1/cmr/bx/n --> TU/[HelveticaNeue-Light.ttf](1)/bx/n on
 input line 61.
Inserting `luaotfload.color_handler' at position 1 in `post_linebreak_filter'.
Inserting `luaotfload.color_handler' at position 2 in `hpack_filter'.
Inserting `luaotfload.color_handler' at position 1 in `mlist_to_hlist'.
(/usr/share/texmf-dist/tex/latex/hyphenat/hyphenat.sty
Package: hyphenat 2009/09/02 v2.3c hyphenation utilities
\langwohyphens=\language2
LaTeX Info: Redefining \_ on input line 43.
)
(/usr/share/texmf-dist/tex/latex/pgf/frontendlayer/tikz.sty
(/usr/share/texmf-dist/tex/latex/pgf/basiclayer/pgf.sty
(/usr/share/texmf-dist/tex/latex/pgf/utilities/pgfrcs.sty
(/usr/share/texmf-dist/tex/generic/pgf/utilities/pgfutil-common.tex
\pgfutil@everybye=\toks19
\pgfutil@tempdima=\dimen147
\pgfutil@tempdimb=\dimen148

(/usr/share/texmf-dist/tex/generic/pgf/utilities/pgfutil-common-lists.tex))
(/usr/share/texmf-dist/tex/generic/pgf/utilities/pgfutil-latex.def
\pgfutil@abb=\box48

(/usr/share/texmf-dist/tex/latex/ms/everyshi.sty
Package: everyshi 2001/05/15 v3.00 EveryShipout Package (MS)
))
(/usr/share/texmf-dist/tex/generic/pgf/utilities/pgfrcs.code.tex
(/usr/share/texmf-dist/tex/generic/pgf/pgf.revision.tex)
Package: pgfrcs 2019/08/03 v3.1.4b (3.1.4b)
))
Package: pgf 2019/08/03 v3.1.4b (3.1.4b)

(/usr/share/texmf-dist/tex/latex/pgf/basiclayer/pgfcore.sty
(/usr/share/texmf-dist/tex/latex/graphics/graphicx.sty
Package: graphicx 2017/06/01 v1.1a Enhanced LaTeX Graphics (DPC,SPQR)

(/usr/share/texmf-dist/tex/latex/graphics/keyval.sty
Package: keyval 2014/10/28 v1.15 key=value parser (DPC)
\KV@toks@=\toks20
)
(/usr/share/texmf-dist/tex/latex/graphics/graphics.sty
Package: graphics 2019/10/08 v1.3c Standard LaTeX Graphics (DPC,SPQR)

(/usr/share/texmf-dist/tex/latex/graphics/trig.sty
Package: trig 2016/01/03 v1.10 sin cos tan (DPC)
)
(/usr/share/texmf-dist/tex/latex/graphics-cfg/graphics.cfg
File: graphics.cfg 2016/06/04 v1.11 sample graphics configuration
)
Package graphics Info: Driver file: luatex.def on input line 105.
)
\Gin@req@height=\dimen149
\Gin@req@width=\dimen150
)
(/usr/share/texmf-dist/tex/latex/pgf/systemlayer/pgfsys.sty
(/usr/share/texmf-dist/tex/generic/pgf/systemlayer/pgfsys.code.tex
Package: pgfsys 2019/08/03 v3.1.4b (3.1.4b)

(/usr/share/texmf-dist/tex/generic/pgf/utilities/pgfkeys.code.tex
\pgfkeys@pathtoks=\toks21
\pgfkeys@temptoks=\toks22

(/usr/share/texmf-dist/tex/generic/pgf/utilities/pgfkeysfiltered.code.tex
\pgfkeys@tmptoks=\toks23
))
\pgf@x=\dimen151
\pgf@y=\dimen152
\pgf@xa=\dimen153
\pgf@ya=\dimen154
\pgf@xb=\dimen155
\pgf@yb=\dimen156
\pgf@xc=\dimen157
\pgf@yc=\dimen158
\pgf@xd=\dimen159
\pgf@yd=\dimen160
\w@pgf@writea=\write3
\r@pgf@reada=\read2
\c@pgf@counta=\count269
\c@pgf@countb=\count270
\c@pgf@countc=\count271
\c@pgf@countd=\count272
\t@pgf@toka=\toks24
\t@pgf@tokb=\toks25
\t@pgf@tokc=\toks26
\pgf@sys@id@count=\count273

(/usr/share/texmf-dist/tex/generic/pgf/systemlayer/pgf.cfg
File: pgf.cfg 2019/08/03 v3.1.4b (3.1.4b)
)
Driver file for pgf: pgfsys-luatex.def

(/usr/share/texmf-dist/tex/generic/pgf/systemlayer/pgfsys-luatex.def
File: pgfsys-luatex.def 2019/08/03 v3.1.4b (3.1.4b)

(/usr/share/texmf-dist/tex/generic/pgf/systemlayer/pgfsys-common-pdf.def
File: pgfsys-common-pdf.def 2019/08/03 v3.1.4b (3.1.4b)
)))
(/usr/share/texmf-dist/tex/generic/pgf/systemlayer/pgfsyssoftpath.code.tex
File: pgfsyssoftpath.code.tex 2019/08/03 v3.1.4b (3.1.4b)
\pgfsyssoftpath@smallbuffer@items=\count274
\pgfsyssoftpath@bigbuffer@items=\count275
)
(/usr/share/texmf-dist/tex/generic/pgf/systemlayer/pgfsysprotocol.code.tex
File: pgfsysprotocol.code.tex 2019/08/03 v3.1.4b (3.1.4b)
))
(/usr/share/texmf-dist/tex/generic/pgf/basiclayer/pgfcore.code.tex
Package: pgfcore 2019/08/03 v3.1.4b (3.1.4b)

(/usr/share/texmf-dist/tex/generic/pgf/math/pgfmath.code.tex
(/usr/share/texmf-dist/tex/generic/pgf/math/pgfmathcalc.code.tex
(/usr/share/texmf-dist/tex/generic/pgf/math/pgfmathutil.code.tex)
(/usr/share/texmf-dist/tex/generic/pgf/math/pgfmathparser.code.tex
\pgfmath@dimen=\dimen161
\pgfmath@count=\count276
\pgfmath@box=\box49
\pgfmath@toks=\toks27
\pgfmath@stack@operand=\toks28
\pgfmath@stack@operation=\toks29
)
(/usr/share/texmf-dist/tex/generic/pgf/math/pgfmathfunctions.code.tex
(/usr/share/texmf-dist/tex/generic/pgf/math/pgfmathfunctions.basic.code.tex)
(/usr/share/texmf-dist/tex/generic/pgf/math/pgfmathfunctions.trigonometric.code
.tex)
(/usr/share/texmf-dist/tex/generic/pgf/math/pgfmathfunctions.random.code.tex)
(/usr/share/texmf-dist/tex/generic/pgf/math/pgfmathfunctions.comparison.code.te
x) (/usr/share/texmf-dist/tex/generic/pgf/math/pgfmathfunctions.base.code.tex)
(/usr/share/texmf-dist/tex/generic/pgf/math/pgfmathfunctions.round.code.tex)
(/usr/share/texmf-dist/tex/generic/pgf/math/pgfmathfunctions.misc.code.tex)
(/usr/share/texmf-dist/tex/generic/pgf/math/pgfmathfunctions.integerarithmetics
.code.tex))) (/usr/share/texmf-dist/tex/generic/pgf/math/pgfmathfloat.code.tex
\c@pgfmathroundto@lastzeros=\count277
)) (/usr/share/texmf-dist/tex/generic/pgf/math/pgfint.code.tex)
(/usr/share/texmf-dist/tex/generic/pgf/basiclayer/pgfcorepoints.code.tex
File: pgfcorepoints.code.tex 2019/08/03 v3.1.4b (3.1.4b)
\pgf@picminx=\dimen162
\pgf@picmaxx=\dimen163
\pgf@picminy=\dimen164
\pgf@picmaxy=\dimen165
\pgf@pathminx=\dimen166
\pgf@pathmaxx=\dimen167
\pgf@pathminy=\dimen168
\pgf@pathmaxy=\dimen169
\pgf@xx=\dimen170
\pgf@xy=\dimen171
\pgf@yx=\dimen172
\pgf@yy=\dimen173
\pgf@zx=\dimen174
\pgf@zy=\dimen175
)
(/usr/share/texmf-dist/tex/generic/pgf/basiclayer/pgfcorepathconstruct.code.tex
File: pgfcorepathconstruct.code.tex 2019/08/03 v3.1.4b (3.1.4b)
\pgf@path@lastx=\dimen176
\pgf@path@lasty=\dimen177
) (/usr/share/texmf-dist/tex/generic/pgf/basiclayer/pgfcorepathusage.code.tex
File: pgfcorepathusage.code.tex 2019/08/03 v3.1.4b (3.1.4b)
\pgf@shorten@end@additional=\dimen178
\pgf@shorten@start@additional=\dimen179
)
(/usr/share/texmf-dist/tex/generic/pgf/basiclayer/pgfcorescopes.code.tex
File: pgfcorescopes.code.tex 2019/08/03 v3.1.4b (3.1.4b)
\pgfpic=\box50
\pgf@hbox=\box51
\pgf@layerbox@main=\box52
\pgf@picture@serial@count=\count278
)
(/usr/share/texmf-dist/tex/generic/pgf/basiclayer/pgfcoregraphicstate.code.tex
File: pgfcoregraphicstate.code.tex 2019/08/03 v3.1.4b (3.1.4b)
\pgflinewidth=\dimen180
)
(/usr/share/texmf-dist/tex/generic/pgf/basiclayer/pgfcoretransformations.code.t
ex
File: pgfcoretransformations.code.tex 2019/08/03 v3.1.4b (3.1.4b)
\pgf@pt@x=\dimen181
\pgf@pt@y=\dimen182
\pgf@pt@temp=\dimen183
) (/usr/share/texmf-dist/tex/generic/pgf/basiclayer/pgfcorequick.code.tex
File: pgfcorequick.code.tex 2019/08/03 v3.1.4b (3.1.4b)
)
(/usr/share/texmf-dist/tex/generic/pgf/basiclayer/pgfcoreobjects.code.tex
File: pgfcoreobjects.code.tex 2019/08/03 v3.1.4b (3.1.4b)
)
(/usr/share/texmf-dist/tex/generic/pgf/basiclayer/pgfcorepathprocessing.code.te
x
File: pgfcorepathprocessing.code.tex 2019/08/03 v3.1.4b (3.1.4b)
) (/usr/share/texmf-dist/tex/generic/pgf/basiclayer/pgfcorearrows.code.tex
File: pgfcorearrows.code.tex 2019/08/03 v3.1.4b (3.1.4b)
\pgfarrowsep=\dimen184
)
(/usr/share/texmf-dist/tex/generic/pgf/basiclayer/pgfcoreshade.code.tex
File: pgfcoreshade.code.tex 2019/08/03 v3.1.4b (3.1.4b)
\pgf@max=\dimen185
\pgf@sys@shading@range@num=\count279
\pgf@shadingcount=\count280
)
(/usr/share/texmf-dist/tex/generic/pgf/basiclayer/pgfcoreimage.code.tex
File: pgfcoreimage.code.tex 2019/08/03 v3.1.4b (3.1.4b)

(/usr/share/texmf-dist/tex/generic/pgf/basiclayer/pgfcoreexternal.code.tex
File: pgfcoreexternal.code.tex 2019/08/03 v3.1.4b (3.1.4b)
\pgfexternal@startupbox=\box53
))
(/usr/share/texmf-dist/tex/generic/pgf/basiclayer/pgfcorelayers.code.tex
File: pgfcorelayers.code.tex 2019/08/03 v3.1.4b (3.1.4b)
)
(/usr/share/texmf-dist/tex/generic/pgf/basiclayer/pgfcoretransparency.code.tex
File: pgfcoretransparency.code.tex 2019/08/03 v3.1.4b (3.1.4b)
) (/usr/share/texmf-dist/tex/generic/pgf/basiclayer/pgfcorepatterns.code.tex
File: pgfcorepatterns.code.tex 2019/08/03 v3.1.4b (3.1.4b)
)
(/usr/share/texmf-dist/tex/generic/pgf/basiclayer/pgfcorerdf.code.tex
File: pgfcorerdf.code.tex 2019/08/03 v3.1.4b (3.1.4b)
)))
(/usr/share/texmf-dist/tex/generic/pgf/modules/pgfmoduleshapes.code.tex
File: pgfmoduleshapes.code.tex 2019/08/03 v3.1.4b (3.1.4b)
\pgfnodeparttextbox=\box54
)
(/usr/share/texmf-dist/tex/generic/pgf/modules/pgfmoduleplot.code.tex
File: pgfmoduleplot.code.tex 2019/08/03 v3.1.4b (3.1.4b)
)
(/usr/share/texmf-dist/tex/latex/pgf/compatibility/pgfcomp-version-0-65.sty
Package: pgfcomp-version-0-65 2019/08/03 v3.1.4b (3.1.4b)
\pgf@nodesepstart=\dimen186
\pgf@nodesepend=\dimen187
)
(/usr/share/texmf-dist/tex/latex/pgf/compatibility/pgfcomp-version-1-18.sty
Package: pgfcomp-version-1-18 2019/08/03 v3.1.4b (3.1.4b)
))
(/usr/share/texmf-dist/tex/latex/pgf/utilities/pgffor.sty
(/usr/share/texmf-dist/tex/latex/pgf/utilities/pgfkeys.sty
(/usr/share/texmf-dist/tex/generic/pgf/utilities/pgfkeys.code.tex))
(/usr/share/texmf-dist/tex/latex/pgf/math/pgfmath.sty
(/usr/share/texmf-dist/tex/generic/pgf/math/pgfmath.code.tex))
(/usr/share/texmf-dist/tex/generic/pgf/utilities/pgffor.code.tex
Package: pgffor 2019/08/03 v3.1.4b (3.1.4b)

(/usr/share/texmf-dist/tex/generic/pgf/math/pgfmath.code.tex)
\pgffor@iter=\dimen188
\pgffor@skip=\dimen189
\pgffor@stack=\toks30
\pgffor@toks=\toks31
))
(/usr/share/texmf-dist/tex/generic/pgf/frontendlayer/tikz/tikz.code.tex
Package: tikz 2019/08/03 v3.1.4b (3.1.4b)

(/usr/share/texmf-dist/tex/generic/pgf/libraries/pgflibraryplothandlers.code.te
x
File: pgflibraryplothandlers.code.tex 2019/08/03 v3.1.4b (3.1.4b)
\pgf@plot@mark@count=\count281
\pgfplotmarksize=\dimen190
)
\tikz@lastx=\dimen191
\tikz@lasty=\dimen192
\tikz@lastxsaved=\dimen193
\tikz@lastysaved=\dimen194
\tikz@lastmovetox=\dimen195
\tikz@lastmovetoy=\dimen196
\tikzleveldistance=\dimen197
\tikzsiblingdistance=\dimen198
\tikz@figbox=\box55
\tikz@figbox@bg=\box56
\tikz@tempbox=\box57
\tikz@tempbox@bg=\box58
\tikztreelevel=\count282
\tikznumberofchildren=\count283
\tikznumberofcurrentchild=\count284
\tikz@fig@count=\count285
 (/usr/share/texmf-dist/tex/generic/pgf/modules/pgfmodulematrix.code.tex
File: pgfmodulematrix.code.tex 2019/08/03 v3.1.4b (3.1.4b)
\pgfmatrixcurrentrow=\count286
\pgfmatrixcurrentcolumn=\count287
\pgf@matrix@numberofcolumns=\count288
)
\tikz@expandcount=\count289

(/usr/share/texmf-dist/tex/generic/pgf/frontendlayer/tikz/libraries/tikzlibrary
topaths.code.tex
File: tikzlibrarytopaths.code.tex 2019/08/03 v3.1.4b (3.1.4b)
))) (/usr/share/texmf-dist/tex/latex/parskip/parskip.sty
Package: parskip 2019-01-16 v2.0c non-zero parskip adjustments

(/usr/share/texmf-dist/tex/latex/oberdiek/kvoptions.sty
Package: kvoptions 2016/05/16 v3.12 Key value format for package options (HO)

(/usr/share/texmf-dist/tex/generic/oberdiek/ltxcmds.sty
Package: ltxcmds 2016/05/16 v1.23 LaTeX kernel commands for general use (HO)
)
(/usr/share/texmf-dist/tex/generic/oberdiek/kvsetkeys.sty
Package: kvsetkeys 2016/05/16 v1.17 Key value parser (HO)

(/usr/share/texmf-dist/tex/generic/oberdiek/infwarerr.sty
Package: infwarerr 2016/05/16 v1.4 Providing info/warning/error messages (HO)
)
(/usr/share/texmf-dist/tex/generic/oberdiek/etexcmds.sty
Package: etexcmds 2016/05/16 v1.6 Avoid name clashes with e-TeX commands (HO)
))))
\c@colorCounter=\count290

(/usr/share/texmf-dist/tex/latex/textpos/textpos.sty
Package: textpos 2019/04/15 v1.9.1

Package: textpos 2019/04/15 1.9.1, absolute positioning of text on the page
\TP@textbox=\box59
\TP@holdbox=\box60
\TPHorizModule=\dimen199
\TPVertModule=\dimen256
\TP@margin=\dimen257
\TP@absmargin=\dimen258
Grid set 16 x 16 = 38.39343pt x 49.68562pt
\TPboxrulesize=\dimen259
\TP@ox=\dimen260
\TP@oy=\dimen261
\TP@tbargs=\toks32
\TP@prevdepth=\dimen262
TextBlockOrigin set to 0pt x 0pt
) (/usr/share/texmf-dist/tex/latex/biblatex/biblatex.sty
Package: biblatex 2019/08/31 v3.13a programmable bibliographies (PK/MW)

(/usr/share/texmf-dist/tex/generic/oberdiek/pdftexcmds.sty
Package: pdftexcmds 2019/07/25 v0.30 Utility functions of pdfTeX for LuaTeX (HO)


(/usr/share/texmf-dist/tex/generic/oberdiek/ifpdf.sty
Package: ifpdf 2018/09/07 v3.3 Provides the ifpdf switch
)
Package pdftexcmds Info: \pdf@primitive is available.
Package pdftexcmds Info: \pdf@ifprimitive is available.
Package pdftexcmds Info: \pdfdraftmode found.
\pdftexcmds@toks=\toks33
)
(/usr/share/texmf-dist/tex/latex/logreq/logreq.sty
Package: logreq 2010/08/04 v1.0 xml request logger
\lrq@indent=\count291

(/usr/share/texmf-dist/tex/latex/logreq/logreq.def
File: logreq.def 2010/08/04 v1.0 logreq spec v1.0
))
(/usr/share/texmf-dist/tex/latex/base/ifthen.sty
Package: ifthen 2014/09/29 v1.1c Standard LaTeX ifthen package (DPC)
)
(/usr/share/texmf-dist/tex/latex/url/url.sty
\Urlmuskip=\muskip18
Package: url 2013/09/16  ver 3.4  Verb mode for urls, etc.
)
\c@tabx@nest=\count292
\c@listtotal=\count293
\c@listcount=\count294
\c@liststart=\count295
\c@liststop=\count296
\c@citecount=\count297
\c@citetotal=\count298
\c@multicitecount=\count299
\c@multicitetotal=\count300
\c@instcount=\count301
\c@maxnames=\count302
\c@minnames=\count303
\c@maxitems=\count304
\c@minitems=\count305
\c@citecounter=\count306
\c@maxcitecounter=\count307
\c@savedcitecounter=\count308
\c@uniquelist=\count309
\c@uniquename=\count310
\c@refsection=\count311
\c@refsegment=\count312
\c@maxextratitle=\count313
\c@maxextratitleyear=\count314
\c@maxextraname=\count315
\c@maxextradate=\count316
\c@maxextraalpha=\count317
\c@abbrvpenalty=\count318
\c@highnamepenalty=\count319
\c@lownamepenalty=\count320
\c@maxparens=\count321
\c@parenlevel=\count322
\blx@tempcnta=\count323
\blx@tempcntb=\count324
\blx@tempcntc=\count325
\blx@maxsection=\count326
\blx@maxsegment@0=\count327
\blx@notetype=\count328
\blx@parenlevel@text=\count329
\blx@parenlevel@foot=\count330
\blx@sectionciteorder@0=\count331
\blx@entrysetcounter=\count332
\labelnumberwidth=\skip52
\labelalphawidth=\skip53
\biblabelsep=\skip54
\bibitemsep=\skip55
\bibnamesep=\skip56
\bibinitsep=\skip57
\bibparsep=\skip58
\bibhang=\skip59
\blx@bcfin=\read3
\blx@bcfout=\write4
\blx@langwohyphens=\language3
\c@mincomprange=\count333
\c@maxcomprange=\count334
\c@mincompwidth=\count335
Package biblatex Info: Trying to load biblatex default data model...
Package biblatex Info: ... file 'blx-dm.def' found.

(/usr/share/texmf-dist/tex/latex/biblatex/blx-dm.def
File: blx-dm.def 2019/08/31 v3.13a biblatex localization (PK/MW)
)
Package biblatex Info: Trying to load biblatex style data model...
Package biblatex Info: ... file 'verbose.dbx' not found.
Package biblatex Info: Trying to load biblatex custom data model...
Package biblatex Info: ... file 'biblatex-dm.cfg' not found.
\c@afterword=\count336
\c@savedafterword=\count337
\c@annotator=\count338
\c@savedannotator=\count339
\c@author=\count340
\c@savedauthor=\count341
\c@bookauthor=\count342
\c@savedbookauthor=\count343
\c@commentator=\count344
\c@savedcommentator=\count345
\c@editor=\count346
\c@savededitor=\count347
\c@editora=\count348
\c@savededitora=\count349
\c@editorb=\count350
\c@savededitorb=\count351
\c@editorc=\count352
\c@savededitorc=\count353
\c@foreword=\count354
\c@savedforeword=\count355
\c@holder=\count356
\c@savedholder=\count357
\c@introduction=\count358
\c@savedintroduction=\count359
\c@namea=\count360
\c@savednamea=\count361
\c@nameb=\count362
\c@savednameb=\count363
\c@namec=\count364
\c@savednamec=\count365
\c@translator=\count366
\c@savedtranslator=\count367
\c@shortauthor=\count368
\c@savedshortauthor=\count369
\c@shorteditor=\count370
\c@savedshorteditor=\count371
\c@labelname=\count372
\c@savedlabelname=\count373
\c@institution=\count374
\c@savedinstitution=\count375
\c@lista=\count376
\c@savedlista=\count377
\c@listb=\count378
\c@savedlistb=\count379
\c@listc=\count380
\c@savedlistc=\count381
\c@listd=\count382
\c@savedlistd=\count383
\c@liste=\count384
\c@savedliste=\count385
\c@listf=\count386
\c@savedlistf=\count387
\c@location=\count388
\c@savedlocation=\count389
\c@organization=\count390
\c@savedorganization=\count391
\c@origlocation=\count392
\c@savedoriglocation=\count393
\c@origpublisher=\count394
\c@savedorigpublisher=\count395
\c@publisher=\count396
\c@savedpublisher=\count397
\c@language=\count398
\c@savedlanguage=\count399
\c@origlanguage=\count400
\c@savedoriglanguage=\count401
\c@pageref=\count402
\c@savedpageref=\count403
\shorthandwidth=\skip60
\shortjournalwidth=\skip61
\shortserieswidth=\skip62
\shorttitlewidth=\skip63
\shortauthorwidth=\skip64
\shorteditorwidth=\skip65
\locallabelnumberwidth=\skip66
\locallabelalphawidth=\skip67
\localshorthandwidth=\skip68
\localshortjournalwidth=\skip69
\localshortserieswidth=\skip70
\localshorttitlewidth=\skip71
\localshortauthorwidth=\skip72
\localshorteditorwidth=\skip73
Package biblatex Info: Trying to load enhanced support for Unicode engines...
Package biblatex Info: ... file 'blx-unicode.def' found.

(/usr/share/texmf-dist/tex/latex/biblatex/blx-unicode.def)
Package biblatex Info: Trying to load compatibility code...
Package biblatex Info: ... file 'blx-compat.def' found.

(/usr/share/texmf-dist/tex/latex/biblatex/blx-compat.def
File: blx-compat.def 2019/08/31 v3.13a biblatex compatibility (PK/MW)
)
Package biblatex Info: Trying to load generic definitions...
Package biblatex Info: ... file 'biblatex.def' found.

(/usr/share/texmf-dist/tex/latex/biblatex/biblatex.def
File: biblatex.def 2019/08/31 v3.13a biblatex compatibility (PK/MW)
\c@textcitecount=\count404
\c@textcitetotal=\count405
\c@textcitemaxnames=\count406
\c@biburlbigbreakpenalty=\count407
\c@biburlbreakpenalty=\count408
\c@biburlnumpenalty=\count409
\c@biburlucpenalty=\count410
\c@biburllcpenalty=\count411
\biburlbigskip=\muskip19
\biburlnumskip=\muskip20
\biburlucskip=\muskip21
\biburllcskip=\muskip22
\c@smartand=\count412
)
Package biblatex Info: Trying to load bibliography style 'verbose'...
Package biblatex Info: ... file 'verbose.bbx' found.

(/usr/share/texmf-dist/tex/latex/biblatex/bbx/verbose.bbx
File: verbose.bbx 2019/08/31 v3.13a biblatex bibliography style (PK/MW)
Package biblatex Info: Trying to load bibliography style 'authortitle'...
Package biblatex Info: ... file 'authortitle.bbx' found.

(/usr/share/texmf-dist/tex/latex/biblatex/bbx/authortitle.bbx
File: authortitle.bbx 2019/08/31 v3.13a biblatex bibliography style (PK/MW)
Package biblatex Info: Trying to load bibliography style 'standard'...
Package biblatex Info: ... file 'standard.bbx' found.

(/usr/share/texmf-dist/tex/latex/biblatex/bbx/standard.bbx
File: standard.bbx 2019/08/31 v3.13a biblatex bibliography style (PK/MW)
\c@bbx:relatedcount=\count413
\c@bbx:relatedtotal=\count414
)))
Package biblatex Info: Trying to load citation style 'verbose'...
Package biblatex Info: ... file 'verbose.cbx' found.

(/usr/share/texmf-dist/tex/latex/biblatex/cbx/verbose.cbx
File: verbose.cbx 2019/08/31 v3.13a biblatex citation style (PK/MW)
Package biblatex Info: Redefining '\cite'.
Package biblatex Info: Redefining '\parencite'.
Package biblatex Info: Redefining '\footcite'.
Package biblatex Info: Redefining '\footcitetext'.
Package biblatex Info: Redefining '\smartcite'.
Package biblatex Info: Redefining '\textcite'.
Package biblatex Info: Redefining '\textcites'.
)
Package biblatex Info: Trying to load configuration file...
Package biblatex Info: ... file 'biblatex.cfg' found.

(/usr/share/texmf-dist/tex/latex/biblatex/biblatex.cfg
File: biblatex.cfg 
))

Package biblatex Warning: '\DeclareSortingScheme' is deprecated.
(biblatex)                Please use '\DeclareSortingTemplate'.

(/usr/share/texmf-dist/tex/latex/geometry/geometry.sty
Package: geometry 2018/04/16 v5.8 Page Geometry

(/usr/share/texmf-dist/tex/generic/oberdiek/ifvtex.sty
Package: ifvtex 2016/05/16 v1.6 Detect VTeX and its facilities (HO)
Package ifvtex Info: VTeX not detected.
)
\Gm@cnth=\count415
\Gm@cntv=\count416
\c@Gm@tempcnt=\count417
\Gm@bindingoffset=\dimen263
\Gm@wd@mp=\dimen264
\Gm@odd@mp=\dimen265
\Gm@even@mp=\dimen266
\Gm@layoutwidth=\dimen267
\Gm@layoutheight=\dimen268
\Gm@layouthoffset=\dimen269
\Gm@layoutvoffset=\dimen270
\Gm@dimlist=\toks34
))
(/usr/share/texmf-dist/tex/latex/hyperref/hyperref.sty
Package: hyperref 2019/09/28 v7.00a Hypertext links for LaTeX

(/usr/share/texmf-dist/tex/generic/oberdiek/hobsub-hyperref.sty
Package: hobsub-hyperref 2016/05/16 v1.14 Bundle oberdiek, subset hyperref (HO)

(/usr/share/texmf-dist/tex/generic/oberdiek/hobsub-generic.sty
Package: hobsub-generic 2016/05/16 v1.14 Bundle oberdiek, subset generic (HO)
Package: hobsub 2016/05/16 v1.14 Construct package bundles (HO)
Package hobsub Info: Skipping package `infwarerr' (already loaded).
Package hobsub Info: Skipping package `ltxcmds' (already loaded).
Package hobsub Info: Skipping package `ifluatex' (already loaded).
Package hobsub Info: Skipping package `ifvtex' (already loaded).
Package: intcalc 2016/05/16 v1.2 Expandable calculations with integers (HO)
Package hobsub Info: Skipping package `ifpdf' (already loaded).
Package hobsub Info: Skipping package `etexcmds' (already loaded).
Package hobsub Info: Skipping package `kvsetkeys' (already loaded).
Package: kvdefinekeys 2016/05/16 v1.4 Define keys (HO)
Package: luatex-loader 2019/07/25 v0.7 Lua module loader (HO)

(/usr/share/texmf-dist/scripts/oberdiek/oberdiek.luatex.lua)
Package hobsub Info: Skipping package `pdftexcmds' (already loaded).
Package: pdfescape 2016/05/16 v1.14 Implements pdfTeX's escape features (HO)
Package: bigintcalc 2016/05/16 v1.4 Expandable calculations on big integers (HO)

Package: bitset 2016/05/16 v1.2 Handle bit-vector datatype (HO)
Package: uniquecounter 2016/05/16 v1.3 Provide unlimited unique counter (HO)
)
Package hobsub Info: Skipping package `hobsub' (already loaded).
Package: letltxmacro 2016/05/16 v1.5 Let assignment for LaTeX macros (HO)
Package: hopatch 2016/05/16 v1.3 Wrapper for package hooks (HO)
Package: xcolor-patch 2016/05/16 xcolor patch
Package: atveryend 2016/05/16 v1.9 Hooks at the very end of document (HO)
Package: atbegshi 2016/06/09 v1.18 At begin shipout hook (HO)
Package: refcount 2016/05/16 v3.5 Data extraction from label references (HO)
Package: hycolor 2016/05/16 v1.8 Color options for hyperref/bookmark (HO)
)
(/usr/share/texmf-dist/tex/latex/oberdiek/auxhook.sty
Package: auxhook 2016/05/16 v1.4 Hooks for auxiliary files (HO)
)
\@linkdim=\dimen271
\Hy@linkcounter=\count418
\Hy@pagecounter=\count419

(/usr/share/texmf-dist/tex/latex/hyperref/pd1enc.def
File: pd1enc.def 2019/09/28 v7.00a Hyperref: PDFDocEncoding definition (HO)
)
\Hy@SavedSpaceFactor=\count420

(/usr/share/texmf-dist/tex/latex/latexconfig/hyperref.cfg
File: hyperref.cfg 2002/06/06 v1.2 hyperref configuration of TeXLive
)
Package hyperref Info: Hyper figures OFF on input line 4540.
Package hyperref Info: Link nesting OFF on input line 4545.
Package hyperref Info: Hyper index ON on input line 4548.
Package hyperref Info: Plain pages OFF on input line 4555.
Package hyperref Info: Backreferencing OFF on input line 4560.
Package hyperref Info: Implicit mode ON; LaTeX internals redefined.
Package hyperref Info: Bookmarks ON on input line 4793.
\c@Hy@tempcnt=\count421
LaTeX Info: Redefining \url on input line 5152.
\XeTeXLinkMargin=\dimen272
\Fld@menulength=\count422
\Field@Width=\dimen273
\Fld@charsize=\dimen274
Package hyperref Info: Hyper figures OFF on input line 6423.
Package hyperref Info: Link nesting OFF on input line 6428.
Package hyperref Info: Hyper index ON on input line 6431.
Package hyperref Info: backreferencing OFF on input line 6438.
Package hyperref Info: Link coloring OFF on input line 6443.
Package hyperref Info: Link coloring with OCG OFF on input line 6448.
Package hyperref Info: PDF/A mode OFF on input line 6453.
LaTeX Info: Redefining \ref on input line 6493.
LaTeX Info: Redefining \pageref on input line 6497.
\Hy@abspage=\count423
\c@Item=\count424
\c@Hfootnote=\count425
)
Package hyperref Info: Driver (autodetected): hluatex.

(/usr/share/texmf-dist/tex/latex/hyperref/hluatex.def
File: hluatex.def 2019/09/28 v7.00a Hyperref driver for luaTeX

(/usr/share/texmf-dist/tex/latex/hyperref/puenc.def
File: puenc.def 2019/09/28 v7.00a Hyperref: PDF Unicode definition (HO)
)
(/usr/share/texmf-dist/tex/generic/oberdiek/stringenc.sty
Package: stringenc 2016/05/16 v1.11 Convert strings between diff. encodings (HO)

)
\Fld@listcount=\count426
\c@bookmark@seq@number=\count427

(/usr/share/texmf-dist/tex/latex/oberdiek/rerunfilecheck.sty
Package: rerunfilecheck 2016/05/16 v1.8 Rerun checks for auxiliary files (HO)
Package uniquecounter Info: New unique counter `rerunfilecheck' on input line 28
2.
)
\Hy@SectionHShift=\skip74
)
(/usr/share/texmf-dist/tex/latex/changepage/changepage.sty
Package: changepage 2009/10/20 v1.0c check page and change page layout
\c@cp@cntr=\count428
\cp@tempcnt=\count429
)
(/usr/share/texmf-dist/tex/latex/csquotes/csquotes.sty
Package: csquotes 2019/05/10 v5.2e context-sensitive quotations (JAW)
\csq@reset=\count430
\csq@gtype=\count431
\csq@glevel=\count432
\csq@qlevel=\count433
\csq@maxlvl=\count434
\csq@tshold=\count435
\csq@ltx@everypar=\toks35

(/usr/share/texmf-dist/tex/latex/csquotes/csquotes.def
File: csquotes.def 2019/05/10 v5.2e csquotes generic definitions (JAW)
)
Package csquotes Info: Trying to load configuration file 'csquotes.cfg'...
Package csquotes Info: ... configuration file loaded successfully.

(/usr/share/texmf-dist/tex/latex/csquotes/csquotes.cfg
File: csquotes.cfg 
))
Package hyperref Info: Option `colorlinks' set `true' on input line 18.
Package biblatex Info: Trying to load language 'english'...
Package biblatex Info: ... file 'english.lbx' found.

(/usr/share/texmf-dist/tex/latex/biblatex/lbx/english.lbx
File: english.lbx 2019/08/31 v3.13a biblatex localization (PK/MW)
)
Package csquotes Info: Checking for multilingual support...
Package csquotes Info: ... none found.

("./rambod rahmani.aux")
\openout1 = rambod rahmani.aux

LaTeX Font Info:    Checking defaults for OML/cmm/m/it on input line 21.
LaTeX Font Info:    ... okay on input line 21.
LaTeX Font Info:    Checking defaults for T1/cmr/m/n on input line 21.
LaTeX Font Info:    ... okay on input line 21.
LaTeX Font Info:    Checking defaults for OT1/cmr/m/n on input line 21.
LaTeX Font Info:    ... okay on input line 21.
LaTeX Font Info:    Checking defaults for OMS/cmsy/m/n on input line 21.
LaTeX Font Info:    ... okay on input line 21.
LaTeX Font Info:    Checking defaults for TU/lmr/m/n on input line 21.
LaTeX Font Info:    ... okay on input line 21.
LaTeX Font Info:    Checking defaults for OMX/cmex/m/n on input line 21.
LaTeX Font Info:    ... okay on input line 21.
LaTeX Font Info:    Checking defaults for U/cmr/m/n on input line 21.
LaTeX Font Info:    ... okay on input line 21.
LaTeX Font Info:    Checking defaults for TS1/cmr/m/n on input line 21.
LaTeX Font Info:    ... okay on input line 21.
LaTeX Font Info:    Checking defaults for PD1/pdf/m/n on input line 21.
LaTeX Font Info:    ... okay on input line 21.
LaTeX Font Info:    Checking defaults for PU/pdf/m/n on input line 21.
LaTeX Font Info:    ... okay on input line 21.

(/usr/share/texmf-dist/tex/context/base/mkii/supp-pdf.mkii
[Loading MPS to PDF converter (version 2006.09.02).]
\scratchcounter=\count436
\scratchdimen=\dimen275
\scratchbox=\box61
\nofMPsegments=\count437
\nofMParguments=\count438
\everyMPshowfont=\toks36
\MPscratchCnt=\count439
\MPscratchDim=\dimen276
\MPnumerator=\count440
\makeMPintoPDFobject=\count441
\everyMPtoPDFconversion=\toks37
) (/usr/share/texmf-dist/tex/latex/oberdiek/epstopdf-base.sty
Package: epstopdf-base 2016/05/15 v2.6 Base part for package epstopdf

(/usr/share/texmf-dist/tex/latex/oberdiek/grfext.sty
Package: grfext 2016/05/16 v1.2 Manage graphics extensions (HO)
)
Package epstopdf-base Info: Redefining graphics rule for `.eps' on input line 43
8.
Package grfext Info: Graphics extension search list:
(grfext)             [.pdf,.png,.jpg,.mps,.jpeg,.jbig2,.jb2,.PDF,.PNG,.JPG,.JPEG
,.JBIG2,.JB2,.eps]
(grfext)             \AppendGraphicsExtensions on input line 456.

(/usr/share/texmf-dist/tex/latex/latexconfig/epstopdf-sys.cfg
File: epstopdf-sys.cfg 2010/07/13 v1.3 Configuration of (r)epstopdf for TeX Live

))
LaTeX Font Info:    Overwriting math alphabet `\mathsf' in version `normal'
(Font)                  OT1/cmss/m/n --> TU/lmss/m/n on input line 21.
LaTeX Font Info:    Overwriting math alphabet `\mathsf' in version `bold'
(Font)                  OT1/cmss/bx/n --> TU/lmss/bx/n on input line 21.
LaTeX Font Info:    Overwriting math alphabet `\mathtt' in version `normal'
(Font)                  OT1/cmtt/m/n --> TU/lmtt/m/n on input line 21.
LaTeX Font Info:    Overwriting math alphabet `\mathtt' in version `bold'
(Font)                  OT1/cmtt/m/n --> TU/lmtt/bx/n on input line 21.
LaTeX Font Info:    Encoding `OT1' has changed to `TU' for symbol font
(Font)              `operators' in the math version `normal' on input line 21.
LaTeX Font Info:    Overwriting symbol font `operators' in version `normal'
(Font)                  OT1/cmr/m/n --> TU/latinmodern-math.otf(1)/m/n on input 
line 21.
LaTeX Font Info:    Encoding `OT1' has changed to `TU' for symbol font
(Font)              `operators' in the math version `bold' on input line 21.
LaTeX Font Info:    Overwriting symbol font `operators' in version `bold'
(Font)                  OT1/cmr/bx/n --> TU/latinmodern-math.otf(1)/bx/n on inpu
t line 21.
LaTeX Font Info:    Encoding `OMS' has changed to `TU' for symbol font
(Font)              `symbols' in the math version `normal' on input line 21.
LaTeX Font Info:    Overwriting symbol font `symbols' in version `normal'
(Font)                  OMS/cmsy/m/n --> TU/latinmodern-math.otf(2)/m/n on input
 line 21.
LaTeX Font Info:    Encoding `OMS' has changed to `TU' for symbol font
(Font)              `symbols' in the math version `bold' on input line 21.
LaTeX Font Info:    Overwriting symbol font `symbols' in version `bold'
(Font)                  OMS/cmsy/b/n --> TU/latinmodern-math.otf(2)/bx/n on inpu
t line 21.
LaTeX Font Info:    Encoding `OMX' has changed to `TU' for symbol font
(Font)              `largesymbols' in the math version `normal' on input line 21
.
LaTeX Font Info:    Overwriting symbol font `largesymbols' in version `normal'
(Font)                  OMX/cmex/m/n --> TU/latinmodern-math.otf(3)/m/n on input
 line 21.
LaTeX Font Info:    Encoding `OMX' has changed to `TU' for symbol font
(Font)              `largesymbols' in the math version `bold' on input line 21.
LaTeX Font Info:    Overwriting symbol font `largesymbols' in version `bold'
(Font)                  OMX/cmex/m/n --> TU/latinmodern-math.otf(3)/bx/n on inpu
t line 21.
LaTeX Font Info:    Font shape `TU/latinmodern-math.otf(2)/m/n' will be
(Font)              scaled to size 10.00107pt on input line 21.
LaTeX Font Info:    Font shape `TU/latinmodern-math.otf(2)/m/n' will be
(Font)              scaled to size 7.00075pt on input line 21.
LaTeX Font Info:    Font shape `TU/latinmodern-math.otf(2)/m/n' will be
(Font)              scaled to size 5.00053pt on input line 21.
LaTeX Font Info:    Font shape `TU/latinmodern-math.otf(3)/m/n' will be
(Font)              scaled to size 9.99893pt on input line 21.
LaTeX Font Info:    Font shape `TU/latinmodern-math.otf(3)/m/n' will be
(Font)              scaled to size 6.99925pt on input line 21.
LaTeX Font Info:    Font shape `TU/latinmodern-math.otf(3)/m/n' will be
(Font)              scaled to size 4.99947pt on input line 21.

ABD: EveryShipout initializing macros
Package biblatex Info: LuaTeX detected.
(biblatex)             Assuming input encoding 'utf8'.
Package biblatex Info: Automatic encoding selection.
(biblatex)             Assuming data encoding 'utf8'.

\openout4 = rambod rahmani.bcf
Package biblatex Info: Trying to load bibliographic data...
Package biblatex Info: ... file '"rambod rahmani".bbl' found.
 ("./rambod rahmani.bbl")
Package biblatex Info: Reference section=0 on input line 21.
Package biblatex Info: Reference segment=0 on input line 21.

*geometry* driver: auto-detecting
*geometry* detected driver: luatex
*geometry* verbose mode - [ preamble ] result:
* driver: luatex
* paper: <default>
* layout: <same size as paper>
* layoutoffset:(h,v)=(0.0pt,0.0pt)
* modes: 
* h-part:(L,W,R)=(173.56198pt, 398.0539pt, 42.67912pt)
* v-part:(T,H,B)=(56.9055pt, 666.9326pt, 71.13188pt)
* \paperwidth=614.295pt
* \paperheight=794.96999pt
* \textwidth=398.0539pt
* \textheight=666.9326pt
* \oddsidemargin=101.29199pt
* \evensidemargin=101.29199pt
* \topmargin=-15.36449pt
* \headheight=0.0pt
* \headsep=0.0pt
* \topskip=10.0pt
* \footskip=0.0pt
* \marginparwidth=65.0pt
* \marginparsep=11.0pt
* \columnsep=10.0pt
* \skip\footins=9.0pt plus 4.0pt minus 2.0pt
* \hoffset=0.0pt
* \voffset=0.0pt
* \mag=1000
* \@twocolumnfalse
* \@twosidefalse
* \@mparswitchfalse
* \@reversemarginfalse
* (1in=72.27pt=25.4mm, 1cm=28.453pt)

\AtBeginShipoutBox=\box62
Package hyperref Info: Link coloring ON on input line 21.
(/usr/share/texmf-dist/tex/latex/hyperref/nameref.sty
Package: nameref 2019/09/16 v2.46 Cross-referencing by name of section

(/usr/share/texmf-dist/tex/generic/oberdiek/gettitlestring.sty
Package: gettitlestring 2016/05/16 v1.5 Cleanup title references (HO)
)
\c@section@level=\count442
)
LaTeX Info: Redefining \ref on input line 21.
LaTeX Info: Redefining \pageref on input line 21.
LaTeX Info: Redefining \nameref on input line 21.

("./rambod rahmani.out") ("./rambod rahmani.out")
\@outlinefile=\write5

\openout5 = rambod rahmani.out
luaotfload | aux : font no 89 (nil) defines no feature for script latn
luaotfload | aux : no font with id 89
luaotfload | aux : font no 89 (nil) defines no feature for script dflt
luaotfload | aux : no font with id 89
luaotfload | aux : font no 89 (nil) defines no feature for script latn
luaotfload | aux : no font with id 89
luaotfload | aux : font no 89 (nil) defines no feature for script dflt
luaotfload | aux : no font with id 89
luaotfload | aux : font no 105 (nil) defines no feature for script latn
luaotfload | aux : no font with id 105
luaotfload | aux : font no 105 (nil) defines no feature for script dflt
luaotfload | aux : no font with id 105
luaotfload | aux : font no 105 (nil) defines no feature for script latn
luaotfload | aux : no font with id 105
luaotfload | aux : font no 105 (nil) defines no feature for script dflt
luaotfload | aux : no font with id 105
luaotfload | aux : font no 105 (nil) defines no feature for script latn
luaotfload | aux : no font with id 105
luaotfload | aux : font no 105 (nil) defines no feature for script dflt
luaotfload | aux : no font with id 105
Underfull \hbox (badness 10000) in paragraph at lines 92--112

 []

luaotfload | aux : font no 105 (nil) defines no feature for script latn
luaotfload | aux : no font with id 105
luaotfload | aux : font no 105 (nil) defines no feature for script dflt
luaotfload | aux : no font with id 105
luaotfload | aux : font no 105 (nil) defines no feature for script latn
luaotfload | aux : no font with id 105
luaotfload | aux : font no 105 (nil) defines no feature for script dflt
luaotfload | aux : no font with id 105
luaotfload | aux : font no 105 (nil) defines no feature for script latn
luaotfload | aux : no font with id 105
luaotfload | aux : font no 105 (nil) defines no feature for script dflt
luaotfload | aux : no font with id 105
luaotfload | aux : font no 105 (nil) defines no feature for script latn
luaotfload | aux : no font with id 105
luaotfload | aux : font no 105 (nil) defines no feature for script dflt
luaotfload | aux : no font with id 105
luaotfload | aux : font no 105 (nil) defines no feature for script latn
luaotfload | aux : no font with id 105
luaotfload | aux : font no 105 (nil) defines no feature for script dflt
luaotfload | aux : no font with id 105
luaotfload | aux : font no 105 (nil) defines no feature for script latn
luaotfload | aux : no font with id 105
luaotfload | aux : font no 105 (nil) defines no feature for script dflt
luaotfload | aux : no font with id 105
luaotfload | aux : font no 105 (nil) defines no feature for script latn
luaotfload | aux : no font with id 105
luaotfload | aux : font no 105 (nil) defines no feature for script dflt
luaotfload | aux : no font with id 105
luaotfload | aux : font no 105 (nil) defines no feature for script latn
luaotfload | aux : no font with id 105
luaotfload | aux : font no 105 (nil) defines no feature for script dflt
luaotfload | aux : no font with id 105
luaotfload | aux : font no 105 (nil) defines no feature for script latn
luaotfload | aux : no font with id 105
luaotfload | aux : font no 105 (nil) defines no feature for script dflt
luaotfload | aux : no font with id 105
Overfull \hbox (23.04698pt too wide) in alignment at lines 123--179
[] []
 []


Underfull \hbox (badness 10000) in paragraph at lines 123--180

 []

luaotfload | aux : font no 105 (nil) defines no feature for script latn
luaotfload | aux : no font with id 105
luaotfload | aux : font no 105 (nil) defines no feature for script dflt
luaotfload | aux : no font with id 105
Underfull \hbox (badness 10000) in paragraph at lines 187--196

 []

[1

{/var/lib/texmf/fonts/map/pdftex/updmap/pdftex.map}]

! LaTeX Error: There's no line here to end.

See the LaTeX manual or LaTeX Companion for explanation.
Type  H <return>  for immediate help.
 ...                                              
                                                  
l.203 \begin{aside} \vspace{-2.8cm}
                                 
? 
luaotfload | aux : font no 59 (nil) defines no feature for script latn
luaotfload | aux : no font with id 59
luaotfload | aux : font no 59 (nil) defines no feature for script dflt
luaotfload | aux : no font with id 59
luaotfload | aux : font no 59 (nil) defines no feature for script latn
luaotfload | aux : no font with id 59
luaotfload | aux : font no 59 (nil) defines no feature for script dflt
luaotfload | aux : no font with id 59
luaotfload | aux : font no 59 (nil) defines no feature for script latn
luaotfload | aux : no font with id 59
luaotfload | aux : font no 59 (nil) defines no feature for script dflt
luaotfload | aux : no font with id 59
luaotfload | aux : font no 59 (nil) defines no feature for script latn
luaotfload | aux : no font with id 59
luaotfload | aux : font no 59 (nil) defines no feature for script dflt
luaotfload | aux : no font with id 59
luaotfload | aux : font no 59 (nil) defines no feature for script latn
luaotfload | aux : no font with id 59
luaotfload | aux : font no 59 (nil) defines no feature for script dflt
luaotfload | aux : no font with id 59
luaotfload | aux : font no 59 (nil) defines no feature for script latn
luaotfload | aux : no font with id 59
luaotfload | aux : font no 59 (nil) defines no feature for script dflt
luaotfload | aux : no font with id 59
luaotfload | aux : font no 105 (nil) defines no feature for script latn
luaotfload | aux : no font with id 105
luaotfload | aux : font no 105 (nil) defines no feature for script dflt
luaotfload | aux : no font with id 105
luaotfload | aux : font no 105 (nil) defines no feature for script latn
luaotfload | aux : no font with id 105
luaotfload | aux : font no 105 (nil) defines no feature for script dflt
luaotfload | aux : no font with id 105
luaotfload | aux : font no 105 (nil) defines no feature for script latn
luaotfload | aux : no font with id 105
luaotfload | aux : font no 105 (nil) defines no feature for script dflt
luaotfload | aux : no font with id 105
luaotfload | aux : font no 105 (nil) defines no feature for script latn
luaotfload | aux : no font with id 105
luaotfload | aux : font no 105 (nil) defines no feature for script dflt
luaotfload | aux : no font with id 105
luaotfload | aux : font no 105 (nil) defines no feature for script latn
luaotfload | aux : no font with id 105
luaotfload | aux : font no 105 (nil) defines no feature for script dflt
luaotfload | aux : no font with id 105
luaotfload | aux : font no 105 (nil) defines no feature for script latn
luaotfload | aux : no font with id 105
luaotfload | aux : font no 105 (nil) defines no feature for script dflt
luaotfload | aux : no font with id 105
luaotfload | aux : font no 105 (nil) defines no feature for script latn
luaotfload | aux : no font with id 105
luaotfload | aux : font no 105 (nil) defines no feature for script dflt
luaotfload | aux : no font with id 105
luaotfload | aux : font no 105 (nil) defines no feature for script latn
luaotfload | aux : no font with id 105
luaotfload | aux : font no 105 (nil) defines no feature for script dflt
luaotfload | aux : no font with id 105
Underfull \hbox (badness 10000) in paragraph at lines 215--274

 []

[2

]

! LaTeX Error: There's no line here to end.

See the LaTeX manual or LaTeX Companion for explanation.
Type  H <return>  for immediate help.
 ...                                              
                                                  
l.281 \begin{aside}\vspace{-2.8cm}
                                
? 

! LaTeX Error: There's no line here to end.

See the LaTeX manual or LaTeX Companion for explanation.
Type  H <return>  for immediate help.
 ...                                              
                                                  
l.283 \begin{itemize}
                   
? 

Overfull \hbox (0.19664pt too wide) in paragraph at lines 284--284
[]\TU/[HelveticaNeue-Light.ttf](0)/m/n/10 Geeetech Prusa i3
 []


Overfull \hbox (5.93996pt too wide) in paragraph at lines 286--286
[]\TU/[HelveticaNeue-Light.ttf](0)/m/n/10 Cre-al-ity En-der 3 Pro 
 []


! LaTeX Error: There's no line here to end.

See the LaTeX manual or LaTeX Companion for explanation.
Type  H <return>  for immediate help.
 ...                                              
                                                  
l.288 \end{itemize}\vspace{6mm}
                             
? 
luaotfload | aux : font no 105 (nil) defines no feature for script latn
luaotfload | aux : no font with id 105
luaotfload | aux : font no 105 (nil) defines no feature for script dflt
luaotfload | aux : no font with id 105
luaotfload | aux : font no 105 (nil) defines no feature for script latn
luaotfload | aux : no font with id 105
luaotfload | aux : font no 105 (nil) defines no feature for script dflt
luaotfload | aux : no font with id 105
Underfull \hbox (badness 1454) in paragraph at lines 316--316
\TU/[HelveticaNeue-Light.ttf](0)/m/n/10 Excellence Schol-ar-ship by MIUR sup-po
rt-ing my Bach-e-lor of En-gi-neer-ing
 []

luaotfload | aux : font no 105 (nil) defines no feature for script latn
luaotfload | aux : no font with id 105
luaotfload | aux : font no 105 (nil) defines no feature for script dflt
luaotfload | aux : no font with id 105
luaotfload | aux : font no 105 (nil) defines no feature for script latn
luaotfload | aux : no font with id 105
luaotfload | aux : font no 105 (nil) defines no feature for script dflt
luaotfload | aux : no font with id 105
luaotfload | aux : font no 105 (nil) defines no feature for script latn
luaotfload | aux : no font with id 105
luaotfload | aux : font no 105 (nil) defines no feature for script dflt
luaotfload | aux : no font with id 105
luaotfload | aux : font no 105 (nil) defines no feature for script latn
luaotfload | aux : no font with id 105
luaotfload | aux : font no 105 (nil) defines no feature for script dflt
luaotfload | aux : no font with id 105
luaotfload | aux : font no 105 (nil) defines no feature for script latn
luaotfload | aux : no font with id 105
luaotfload | aux : font no 105 (nil) defines no feature for script dflt
luaotfload | aux : no font with id 105
Underfull \hbox (badness 10000) in paragraph at lines 304--349

 []

luaotfload | aux : font no 105 (nil) defines no feature for script latn
luaotfload | aux : no font with id 105
luaotfload | aux : font no 105 (nil) defines no feature for script dflt
luaotfload | aux : no font with id 105
Underfull \hbox (badness 10000) in paragraph at lines 356--365

 []

luaotfload | aux : font no 105 (nil) defines no feature for script latn
luaotfload | aux : no font with id 105
luaotfload | aux : font no 105 (nil) defines no feature for script dflt
luaotfload | aux : no font with id 105
luaotfload | aux : font no 105 (nil) defines no feature for script latn
luaotfload | aux : no font with id 105
luaotfload | aux : font no 105 (nil) defines no feature for script dflt
luaotfload | aux : no font with id 105
luaotfload | aux : font no 105 (nil) defines no feature for script latn
luaotfload | aux : no font with id 105
luaotfload | aux : font no 105 (nil) defines no feature for script dflt
luaotfload | aux : no font with id 105
luaotfload | aux : font no 105 (nil) defines no feature for script latn
luaotfload | aux : no font with id 105
luaotfload | aux : font no 105 (nil) defines no feature for script dflt
luaotfload | aux : no font with id 105
luaotfload | aux : font no 105 (nil) defines no feature for script latn
luaotfload | aux : no font with id 105
luaotfload | aux : font no 105 (nil) defines no feature for script dflt
luaotfload | aux : no font with id 105
Underfull \hbox (badness 10000) in paragraph at lines 372--405

 []


Overfull \hbox (13.32951pt too wide) in paragraph at lines 412--414
\TU/[HelveticaNeue-Light.ttf](0)/m/n/10 Net-work-ing, Linux, Hack-ing, Pen-e-tr
a-tion Test-ing, Com-pu-ta-tional Com-plex-ity, Ar-ti-fi-cial In-tel-li-gence,
 []


Overfull \hbox (9.86409pt too wide) in paragraph at lines 412--414
[]\TU/[HelveticaNeue-CondensedBold.ttf](0)/m/n/10 Personal:[] \TU/[HelveticaNeu
e-Light.ttf](0)/m/n/10 Run-ning, Chess, Cos-mol-ogy, As-tro-nom-i-cal ob-ser-va
-tions, Quan-tum Com-puter Sci-ence,
 []

[3]
Package atveryend Info: Empty hook `BeforeClearDocument' on input line 417.
Package atveryend Info: Empty hook `AfterLastShipout' on input line 417.
 ("./rambod rahmani.aux")
Package atveryend Info: Executing hook `AtVeryEndDocument' on input line 417.
Package atveryend Info: Executing hook `AtEndAfterFileList' on input line 417.
Package rerunfilecheck Info: File `"rambod rahmani".out' has not changed.
(rerunfilecheck)             Checksum: <no file>.
Package logreq Info: Writing requests to '"rambod rahmani".run.xml'.

\openout1 = rambod rahmani.run.xml
)

Here is how much of LuaTeX's memory you used:
 46337 strings out of 493864
 125171,1648299 words of node,token memory allocated
 575 words of node memory still in use:
   6 hlist, 2 vlist, 2 rule, 2 glue, 4 kern, 1 glyph, 15 attribute, 63 glue_spec
, 12 attribute_list, 3 write nodes
   avail lists: 1:4,2:1401,3:169,4:252,5:42,6:55,7:4466,8:8,9:264,10:14,11:328
 49253 multiletter control sequences out of 65536+600000
 116 fonts using 18610187 bytes
 74i,9n,109p,997b,743s stack positions out of 5000i,500n,10000p,200000b,100000s
</usr/share/texmf-dist/fonts/opentype/public/fontawesome/FontAwesome.otf><./Helv
eticaNeueIt.ttf><./HelveticaNeue-Light.ttf><./HelveticaNeue-CondensedBold.ttf><.
/HelveticaNeue.ttf><./HelveticaNeue-UltraLight.ttf>
Output written on rambod rahmani.pdf (3 pages, 58569 bytes).

PDF statistics: 76 PDF objects out of 1000 (max. 8388607)
 52 compressed objects within 1 object stream
 4 named destinations out of 1000 (max. 131072)
 16 words of extra memory for PDF output out of 10000 (max. 100000000)

